2024.08.22 12:35:35 INFO  Started: Metals version 1.3.5 in folders '/Users/brambolt/Dev/repos/angel/src' for client Visual Studio Code 1.92.0.[0m
SLF4J(W): Class path contains multiple SLF4J providers.
SLF4J(W): Found provider [scribe.slf4j.ScribeServiceProvider@573b0c27]
SLF4J(W): Found provider [ch.qos.logback.classic.spi.LogbackServiceProvider@204af423]
SLF4J(W): See https://www.slf4j.org/codes.html#multiple_bindings for an explanation.
SLF4J(I): Actual provider is of type [scribe.slf4j.ScribeServiceProvider@573b0c27]
2024.08.22 12:35:35 WARN  Flyway upgrade recommended: H2 2.3.230 is newer than this version of Flyway and support has not been tested. The latest supported version of H2 is 2.2.220.[0m
2024.08.22 12:35:36 INFO  no build target found for /Users/brambolt/Dev/repos/angel/src/angel.scala. Using presentation compiler with project's scala-library version: 3.3.3[0m
2024.08.22 12:35:35 INFO  no build target found for /Users/brambolt/Dev/repos/angel/src/angel.scala. Using presentation compiler with project's scala-library version: 3.3.3[0m
2024.08.22 12:35:37 INFO  no build target found for /Users/brambolt/Dev/repos/angel/src/angel.scala. Using presentation compiler with project's scala-library version: 3.3.3[0m
2024.08.22 12:35:38 WARN  Could not find semantic tokens for: file:///Users/brambolt/Dev/repos/angel/src/angel.scala[0m
2024.08.22 12:35:41 INFO  no build target found for /Users/brambolt/Dev/repos/angel/src/angel.scala. Using presentation compiler with project's scala-library version: 3.3.3[0m
2024.08.22 12:35:41 WARN  Could not find semantic tokens for: file:///Users/brambolt/Dev/repos/angel/src/angel.scala[0m
2024.08.22 12:35:51 INFO  Running List(/Users/brambolt/Library/Application Support/Coursier/bin/scala-cli, setup-ide, /Users/brambolt/Dev/repos/angel/src)[0m
2024.08.22 12:35:52 INFO  Attempting to connect to the build server...[0m
2024.08.22 12:35:52 INFO  Running BSP server List(/Users/brambolt/Library/Application Support/Coursier/bin/.scala-cli.aux, bsp, --json-options, /Users/brambolt/Dev/repos/angel/src/.scala-build/ide-options-v2.json, /Users/brambolt/Dev/repos/angel/src)[0m
2024.08.22 12:35:52 INFO  tracing is disabled for protocol BSP, to enable tracing of incoming and outgoing JSON messages create an empty file at /Users/brambolt/Dev/repos/angel/src/.metals/bsp.trace.json or /Users/brambolt/Library/Caches/org.scalameta.metals/bsp.trace.json[0m
2024.08.22 12:35:53 INFO  BSP server: Starting compilation server[0m
2024.08.22 12:35:57 INFO  time: Connected to build server in 5.26s[0m
2024.08.22 12:35:57 INFO  Connected to Build server: scala-cli v1.2.1[0m
2024.08.22 12:35:57 INFO  time: Imported build in 0.14s[0m
2024.08.22 12:35:57 INFO  running doctor check[0m
2024.08.22 12:35:57 INFO  java targets: src_f4dd477a3a, src_f4dd477a3a-test[0m
2024.08.22 12:35:58 INFO  compiling src_f4dd477a3a (1 scala source)[0m
2024.08.22 12:36:01 INFO  time: compiled src_f4dd477a3a in 3.7s[0m
2024.08.22 12:36:03 WARN  Flyway upgrade recommended: H2 2.3.230 is newer than this version of Flyway and support has not been tested. The latest supported version of H2 is 2.2.220.[0m
2024.08.22 12:36:03 WARN  Could not find semantic tokens for: file:///Users/brambolt/Dev/repos/angel/src/angel.scala[0m
2024.08.22 12:36:16 INFO  time: indexed workspace in 18s[0m
2024.08.22 12:36:21 INFO  compiling src_f4dd477a3a (1 scala source)[0m
2024.08.22 12:36:23 INFO  time: compiled src_f4dd477a3a in 1.36s[0m
2024.08.22 12:36:56 INFO  compiling src_f4dd477a3a (1 scala source)[0m
2024.08.22 12:36:56 INFO  time: compiled src_f4dd477a3a in 0.41s[0m
2024.08.22 12:40:07 INFO  compiling src_f4dd477a3a (1 scala source)[0m
2024.08.22 12:40:07 INFO  time: compiled src_f4dd477a3a in 0.32s[0m
2024.08.22 12:40:12 INFO  compiling src_f4dd477a3a (1 scala source)[0m
2024.08.22 12:40:12 INFO  time: compiled src_f4dd477a3a in 0.96s[0m
Aug 22, 2024 12:43:10 PM org.eclipse.lsp4j.jsonrpc.RemoteEndpoint handleCancellation
WARNING: Unmatched cancel notification for request id 491
Aug 22, 2024 12:43:27 PM org.eclipse.lsp4j.jsonrpc.RemoteEndpoint handleCancellation
WARNING: Unmatched cancel notification for request id 637
Aug 22, 2024 12:43:58 PM scala.meta.internal.pc.CompilerAccess handleError
SEVERE: A severe compiler error occurred, full details of the error can be found in the error report /Users/brambolt/Dev/repos/angel/src/.metals/.reports/metals-full/2024-08-22/r_compiler-error_(src_f4dd477a3a)_12-43-58-521.md
2024.08.22 12:44:23 INFO  compiling src_f4dd477a3a (1 scala source)[0m
2024.08.22 12:44:23 INFO  time: compiled src_f4dd477a3a in 0.57s[0m
2024.08.22 12:44:30 INFO  compiling src_f4dd477a3a (1 scala source)[0m
2024.08.22 12:44:30 INFO  time: compiled src_f4dd477a3a in 0.6s[0m
Aug 22, 2024 12:45:02 PM org.eclipse.lsp4j.jsonrpc.RemoteEndpoint handleCancellation
WARNING: Unmatched cancel notification for request id 1104
2024.08.22 12:45:07 INFO  compiling src_f4dd477a3a (1 scala source)[0m
2024.08.22 12:45:07 INFO  time: compiled src_f4dd477a3a in 0.4s[0m
2024.08.22 12:45:12 INFO  compiling src_f4dd477a3a (1 scala source)[0m
2024.08.22 12:45:12 INFO  time: compiled src_f4dd477a3a in 0.42s[0m
2024.08.22 12:45:17 INFO  compiling src_f4dd477a3a (1 scala source)[0m
2024.08.22 12:45:17 INFO  time: compiled src_f4dd477a3a in 0.33s[0m
2024.08.22 12:46:20 INFO  compiling src_f4dd477a3a (1 scala source)[0m
2024.08.22 12:46:20 INFO  time: compiled src_f4dd477a3a in 0.41s[0m
2024.08.22 12:46:30 INFO  compiling src_f4dd477a3a (1 scala source)[0m
2024.08.22 12:46:30 INFO  time: compiled src_f4dd477a3a in 0.61s[0m
2024.08.22 12:46:53 INFO  compiling src_f4dd477a3a (1 scala source)[0m
2024.08.22 12:46:53 INFO  time: compiled src_f4dd477a3a in 0.51s[0m
Aug 22, 2024 12:48:23 PM org.eclipse.lsp4j.jsonrpc.RemoteEndpoint handleCancellation
WARNING: Unmatched cancel notification for request id 1876
2024.08.22 12:48:29 INFO  compiling src_f4dd477a3a (1 scala source)[0m
2024.08.22 12:48:29 INFO  time: compiled src_f4dd477a3a in 0.17s[0m
2024.08.22 12:48:43 INFO  compiling src_f4dd477a3a (1 scala source)[0m
2024.08.22 12:48:43 INFO  time: compiled src_f4dd477a3a in 0.4s[0m
2024.08.22 12:48:55 INFO  compiling src_f4dd477a3a (1 scala source)[0m
2024.08.22 12:48:55 INFO  time: compiled src_f4dd477a3a in 0.37s[0m
Aug 22, 2024 12:48:56 PM org.eclipse.lsp4j.jsonrpc.services.GenericEndpoint notify
INFO: Unsupported notification method: $/setTrace
